1656075962759	geckodriver	INFO	Listening on 127.0.0.1:52024
1656075965811	mozrunner::runner	INFO	Running command: "C:\\Program Files\\Mozilla Firefox\\firefox.exe" "--marionette" "-no-remote" "-profile" "C:\\Users\\George\\AppData\\Local\\Temp\\rust_mozprofilei7ilmC"
1656075966487	Marionette	INFO	Marionette enabled
console.warn: SearchSettings: "get: No settings file exists, new profile?" (new NotFoundError("Could not open the file at C:\\Users\\George\\AppData\\Local\\Temp\\rust_mozprofilei7ilmC\\search.json.mozlz4", (void 0)))
1656075969394	Marionette	INFO	Listening on port 52053
Read port: 52053
1656075969631	RemoteAgent	WARN	TLS certificate errors will be ignored for this session
1656076092582	Marionette	INFO	Stopped listening on port 52053

###!!! [Parent][PContentParent] Error: Send(msgname=PContent::Msg_DestroyBrowsingContextGroup) Closed channel: cannot send/recv


###!!! [Child][PContentChild] Error: RunMessage(msgname=PContent::Reply_DiscardBrowsingContext) Channel closing: too late to send/recv, messages will be lost

1656080717549	geckodriver	INFO	Listening on 127.0.0.1:65185
1656080720597	mozrunner::runner	INFO	Running command: "C:\\Program Files\\Mozilla Firefox\\firefox.exe" "--marionette" "-no-remote" "-profile" "C:\\Users\\George\\AppData\\Local\\Temp\\rust_mozprofileFw4tJ1"
1656080721301	Marionette	INFO	Marionette enabled
JavaScript error: chrome://browser/content/tabbrowser.js, line 5318: TypeError: this.PictureInPicture is undefined
console.warn: SearchSettings: "get: No settings file exists, new profile?" (new NotFoundError("Could not open the file at C:\\Users\\George\\AppData\\Local\\Temp\\rust_mozprofileFw4tJ1\\search.json.mozlz4", (void 0)))
JavaScript error: resource:///modules/CustomizableUI.jsm, line 4103: Error: Area not yet restored
JavaScript error: chrome://browser/content/tabbrowser.js, line 5318: TypeError: this.PictureInPicture is undefined
JavaScript error: resource:///modules/CustomizableUI.jsm, line 4103: Error: Area not yet restored
JavaScript error: resource:///modules/CustomizableUI.jsm, line 4832: TypeError: aWindow.gNavToolbox.palette is undefined
1656080746597	geckodriver	INFO	Listening on 127.0.0.1:65216
1656080749632	mozrunner::runner	INFO	Running command: "C:\\Program Files\\Mozilla Firefox\\firefox.exe" "--marionette" "-no-remote" "-profile" "C:\\Users\\George\\AppData\\Local\\Temp\\rust_mozprofile0fAObB"
1656080750145	Marionette	INFO	Marionette enabled
JavaScript error: chrome://browser/content/tabbrowser.js, line 5318: TypeError: this.PictureInPicture is undefined
console.warn: SearchSettings: "get: No settings file exists, new profile?" (new NotFoundError("Could not open the file at C:\\Users\\George\\AppData\\Local\\Temp\\rust_mozprofile0fAObB\\search.json.mozlz4", (void 0)))
JavaScript error: resource:///modules/CustomizableUI.jsm, line 4103: Error: Area not yet restored
JavaScript error: chrome://browser/content/tabbrowser.js, line 5318: TypeError: this.PictureInPicture is undefined
JavaScript error: resource:///modules/CustomizableUI.jsm, line 4103: Error: Area not yet restored
JavaScript error: resource:///modules/CustomizableUI.jsm, line 4832: TypeError: aWindow.gNavToolbox.palette is undefined
1656080803297	geckodriver	INFO	Listening on 127.0.0.1:65269
1656080806359	mozrunner::runner	INFO	Running command: "C:\\Program Files\\Mozilla Firefox\\firefox.exe" "--marionette" "-no-remote" "-profile" "C:\\Users\\George\\AppData\\Local\\Temp\\rust_mozprofile1k9xZh"
1656080806894	Marionette	INFO	Marionette enabled
JavaScript error: chrome://browser/content/tabbrowser.js, line 5318: TypeError: this.PictureInPicture is undefined
console.warn: SearchSettings: "get: No settings file exists, new profile?" (new NotFoundError("Could not open the file at C:\\Users\\George\\AppData\\Local\\Temp\\rust_mozprofile1k9xZh\\search.json.mozlz4", (void 0)))
JavaScript error: resource:///modules/CustomizableUI.jsm, line 4103: Error: Area not yet restored
JavaScript error: chrome://browser/content/tabbrowser.js, line 5318: TypeError: this.PictureInPicture is undefined
JavaScript error: chrome://browser/content/tabbrowser.js, line 5318: TypeError: this.PictureInPicture is undefined
JavaScript error: chrome://browser/content/tabbrowser.js, line 5318: TypeError: this.PictureInPicture is undefined
JavaScript error: resource:///modules/CustomizableUI.jsm, line 4103: Error: Area not yet restored
JavaScript error: resource:///modules/CustomizableUI.jsm, line 4832: TypeError: aWindow.gNavToolbox.palette is undefined

###!!! [Parent][PGPUParent] Error: RunMessage(msgname=PGPU::Msg_ShutdownVR) Channel closing: too late to send/recv, messages will be lost

